pulltorefresh/build/intermediates/manifest_merge_blame_file/debug/manifest-merger-blame-debug-report.txt
1<?xml version="1.0" encoding="utf-8"?>
2<manifest xmlns:android="http://schemas.android.com/apk/res/android"
3    package="com.markupartist.android.widget.pulltorefresh"
4    android:versionCode="1"
5    android:versionName="1.0" >
6
7    <application android:label="@string/app_name" >
7-->src/main/AndroidManifest.xml:6:5-7:19
7-->src/main/AndroidManifest.xml:6:18-50
8    </application>
9
10</manifest>